#-----------------------------------------------------------
# Vivado v2018.1 (64-bit)
# SW Build 2188600 on Wed Apr  4 18:40:38 MDT 2018
# IP Build 2185939 on Wed Apr  4 20:55:05 MDT 2018
# Start of session at: Tue Feb 26 21:31:44 2019
# Process ID: 18204
# Current directory: D:/Vivado2018_wrk/axi_spi
# Command line: vivado.exe -gui_launcher_event rodinguilauncherevent1828 D:\Vivado2018_wrk\axi_spi\axi_spi.xpr
# Log file: D:/Vivado2018_wrk/axi_spi/vivado.log
# Journal file: D:/Vivado2018_wrk/axi_spi\vivado.jou
#-----------------------------------------------------------
start_gui
open_project D:/Vivado2018_wrk/axi_spi/axi_spi.xpr
Scanning sources...
Finished scanning sources
INFO: [IP_Flow 19-234] Refreshing IP repositories
INFO: [IP_Flow 19-1700] Loaded user IP repository 'd:/sysgen_workspace'.
INFO: [IP_Flow 19-2313] Loaded Vivado IP repository 'C:/Xilinx/Vivado/2018.1/data/ip'.
CRITICAL WARNING: [IP_Flow 19-1663] Duplicate IP found for 'User_Company:SysGen:hwlsup_v2:1.0'. The one found in IP location 'd:/sysgen_workspace/hwl_sp_preres_v1/ip' will take precedence over the same IP in location d:/sysgen_workspace/hwlsup_ip_v2/ip
open_project: Time (s): cpu = 00:00:39 ; elapsed = 00:00:28 . Memory (MB): peak = 1101.785 ; gain = 349.793
update_compile_order -fileset sources_1
open_hw
INFO: [Labtools 27-2285] Connecting to hw_server url TCP:localhost:3121
connect_hw_server -url localhost:3121
INFO: [Labtools 27-2285] Connecting to hw_server url TCP:localhost:3121
current_hw_target [get_hw_targets */xilinx_tcf/Digilent/210251A08870]
set_property PARAM.FREQUENCY 30000000 [get_hw_targets */xilinx_tcf/Digilent/210251A08870]
open_hw_target
INFO: [Labtoolstcl 44-466] Opening hw_target localhost:3121/xilinx_tcf/Digilent/210251A08870
set_property PROGRAM.FILE {D:/Vivado2018_wrk/axi_spi/axi_spi.runs/impl_1/axi_spi_top_wrapper.bit} [get_hw_devices xc7k325t_0]
set_property PROBES.FILE {D:/Vivado2018_wrk/axi_spi/axi_spi.runs/impl_1/axi_spi_top_wrapper.ltx} [get_hw_devices xc7k325t_0]
set_property FULL_PROBES.FILE {D:/Vivado2018_wrk/axi_spi/axi_spi.runs/impl_1/axi_spi_top_wrapper.ltx} [get_hw_devices xc7k325t_0]
current_hw_device [get_hw_devices xc7k325t_0]
refresh_hw_device [lindex [get_hw_devices xc7k325t_0] 0]
INFO: [Labtools 27-2302] Device xc7k325t (JTAG device index = 0) is programmed with a design that has 2 ILA core(s).
INFO: [Labtools 27-2302] Device xc7k325t (JTAG device index = 0) is programmed with a design that has 1 VIO core(s).
WARNING: [Labtools 27-3413] Dropping logic core with cellname:'axi_spi_top_i/system_ila_2/inst/ila_lib' at location 'uuid_023E7F9B96FE57FEB2FE74F0EB2F7AD4' from probes file, since it cannot be found on the programmed device.
WARNING: [Labtools 27-3413] Dropping logic core with cellname:'axi_spi_top_i/system_ila_4/inst/ila_lib' at location 'uuid_15730EF98DB159798E8B21B11FB3EF62' from probes file, since it cannot be found on the programmed device.
WARNING: [Labtools 27-3413] Dropping logic core with cellname:'axi_spi_top_i/system_ila_0/inst/ila_lib' at location 'uuid_A0D62C6503B95D77950DD81E009C88AC' from probes file, since it cannot be found on the programmed device.
WARNING: [Labtools 27-3413] Dropping logic core with cellname:'axi_spi_top_i/system_ila_1/inst/ila_lib' at location 'uuid_B22355033B7857018470EA38FA99D5E7' from probes file, since it cannot be found on the programmed device.
WARNING: [Labtools 27-3413] Dropping logic core with cellname:'axi_spi_top_i/system_ila_3/inst/ila_lib' at location 'uuid_BBFED57A97D452A396D8701C3D459598' from probes file, since it cannot be found on the programmed device.
WARNING: [Labtools 27-1974] Mismatch between the design programmed into the device xc7k325t_0 and the probes file(s) D:/Vivado2018_wrk/axi_spi/axi_spi.runs/impl_1/axi_spi_top_wrapper.ltx.
The device design has 2 ILA core(s) and 1 VIO core(s). 0 ILA core(s) and 0 VIO core(s) are matched in the probes file(s).
Resolution: 
1. Reprogram device with the correct programming file and associated probes file(s) OR
2. Goto device properties and associate the correct probes file(s) with the programming file already programmed in the device.
create_hw_cfgmem -hw_device [lindex [get_hw_devices] 0] -mem_dev [lindex [get_cfgmem_parts {mt25ql128-spi-x1_x2_x4}] 0]
set_property PROBES.FILE {D:/Vivado2018_wrk/axi_spi/axi_spi.runs/impl_1/axi_spi_top_wrapper.ltx} [get_hw_devices xc7k325t_0]
set_property FULL_PROBES.FILE {D:/Vivado2018_wrk/axi_spi/axi_spi.runs/impl_1/axi_spi_top_wrapper.ltx} [get_hw_devices xc7k325t_0]
set_property PROGRAM.FILE {D:/Vivado2018_wrk/axi_spi/axi_spi.runs/impl_1/axi_spi_top_wrapper.bit} [get_hw_devices xc7k325t_0]
program_hw_devices [get_hw_devices xc7k325t_0]
INFO: [Labtools 27-3164] End of startup status: HIGH
refresh_hw_device [lindex [get_hw_devices xc7k325t_0] 0]
INFO: [Labtools 27-2302] Device xc7k325t (JTAG device index = 0) is programmed with a design that has 5 ILA core(s).
INFO: [Labtools 27-2302] Device xc7k325t (JTAG device index = 0) is programmed with a design that has 1 JTAG AXI core(s).
display_hw_ila_data [ get_hw_ila_data hw_ila_data_2 -of_objects [get_hw_ilas -of_objects [get_hw_devices xc7k325t_0] -filter {CELL_NAME=~"axi_spi_top_i/system_ila_0/inst/ila_lib"}]]
WARNING: Simulation object axi_spi_top_i/system_ila_1/inst/probe3_1 was not found in the design.
WARNING: Simulation object axi_spi_top_i/system_ila_1/inst/probe5_1 was not found in the design.
WARNING: Simulation object axi_spi_top_i/system_ila_1/inst/probe7_1 was not found in the design.
WARNING: Simulation object axi_spi_top_i/system_ila_1/inst/probe8_1 was not found in the design.
WARNING: Simulation object axi_spi_top_i/system_ila_1/inst/probe4_1 was not found in the design.
WARNING: Simulation object axi_spi_top_i/system_ila_1/inst/probe6_1 was not found in the design.
WARNING: Simulation object axi_spi_top_i/system_ila_1/inst/probe0_1 was not found in the design.
WARNING: Simulation object axi_spi_top_i/system_ila_1/inst/probe2_1 was not found in the design.
WARNING: Simulation object axi_spi_top_i/system_ila_1/inst/probe1_1 was not found in the design.
Processing Interface jtag_axi_0_axi_periph_M00_AXI_ila2_slot0
INFO: [Labtools 27-3304] ILA Waveform data saved to file D:/Vivado2018_wrk/axi_spi/axi_spi.hw/backup/hw_ila_data_2.ila. Use Tcl command 'read_hw_ila_data' or Vivado File->Import->Import ILA Data menu item to import the previously saved data.
display_hw_ila_data [ get_hw_ila_data hw_ila_data_1 -of_objects [get_hw_ilas -of_objects [get_hw_devices xc7k325t_0] -filter {CELL_NAME=~"axi_spi_top_i/system_ila_1/inst/ila_lib"}]]
WARNING: Simulation object axi_spi_top_i/system_ila_0/inst/net_slot_0_axi_arvalid was not found in the design.
WARNING: Simulation object axi_spi_top_i/system_ila_0/inst/net_slot_0_axi_arready was not found in the design.
WARNING: Simulation object axi_spi_top_i/system_ila_0/inst/net_slot_0_axi_araddr was not found in the design.
WARNING: Simulation object axi_spi_top_i/system_ila_0/inst/net_slot_0_axi_arprot was not found in the design.
WARNING: Simulation object axi_spi_top_i/system_ila_0/inst/net_slot_0_axi_ar_cnt was not found in the design.
WARNING: Simulation object axi_spi_top_i/system_ila_0/inst/net_slot_0_axi_rvalid was not found in the design.
WARNING: Simulation object axi_spi_top_i/system_ila_0/inst/net_slot_0_axi_rready was not found in the design.
WARNING: Simulation object axi_spi_top_i/system_ila_0/inst/net_slot_0_axi_rdata was not found in the design.
WARNING: Simulation object axi_spi_top_i/system_ila_0/inst/net_slot_0_axi_rresp was not found in the design.
WARNING: Simulation object axi_spi_top_i/system_ila_0/inst/net_slot_0_axi_r_cnt was not found in the design.
WARNING: Simulation object axi_spi_top_i/system_ila_0/inst/net_slot_0_axi_awvalid was not found in the design.
WARNING: Simulation object axi_spi_top_i/system_ila_0/inst/net_slot_0_axi_awready was not found in the design.
WARNING: Simulation object axi_spi_top_i/system_ila_0/inst/net_slot_0_axi_awaddr was not found in the design.
WARNING: Simulation object axi_spi_top_i/system_ila_0/inst/net_slot_0_axi_awprot was not found in the design.
WARNING: Simulation object axi_spi_top_i/system_ila_0/inst/net_slot_0_axi_aw_cnt was not found in the design.
WARNING: Simulation object axi_spi_top_i/system_ila_0/inst/net_slot_0_axi_wvalid was not found in the design.
WARNING: Simulation object axi_spi_top_i/system_ila_0/inst/net_slot_0_axi_wready was not found in the design.
WARNING: Simulation object axi_spi_top_i/system_ila_0/inst/net_slot_0_axi_wdata was not found in the design.
WARNING: Simulation object axi_spi_top_i/system_ila_0/inst/net_slot_0_axi_wstrb was not found in the design.
WARNING: Simulation object axi_spi_top_i/system_ila_0/inst/net_slot_0_axi_bvalid was not found in the design.
WARNING: Simulation object axi_spi_top_i/system_ila_0/inst/net_slot_0_axi_bready was not found in the design.
WARNING: Simulation object axi_spi_top_i/system_ila_0/inst/net_slot_0_axi_bresp was not found in the design.
WARNING: Simulation object axi_spi_top_i/system_ila_0/inst/net_slot_0_axi_b_cnt was not found in the design.
INFO: [Labtools 27-3304] ILA Waveform data saved to file D:/Vivado2018_wrk/axi_spi/axi_spi.hw/backup/hw_ila_data_1.ila. Use Tcl command 'read_hw_ila_data' or Vivado File->Import->Import ILA Data menu item to import the previously saved data.
display_hw_ila_data [ get_hw_ila_data hw_ila_data_3 -of_objects [get_hw_ilas -of_objects [get_hw_devices xc7k325t_0] -filter {CELL_NAME=~"axi_spi_top_i/system_ila_2/inst/ila_lib"}]]
INFO: [Labtools 27-3304] ILA Waveform data saved to file D:/Vivado2018_wrk/axi_spi/axi_spi.hw/backup/hw_ila_data_3.ila. Use Tcl command 'read_hw_ila_data' or Vivado File->Import->Import ILA Data menu item to import the previously saved data.
display_hw_ila_data [ get_hw_ila_data hw_ila_data_4 -of_objects [get_hw_ilas -of_objects [get_hw_devices xc7k325t_0] -filter {CELL_NAME=~"axi_spi_top_i/system_ila_3/inst/ila_lib"}]]
INFO: [Labtools 27-3304] ILA Waveform data saved to file D:/Vivado2018_wrk/axi_spi/axi_spi.hw/backup/hw_ila_data_4.ila. Use Tcl command 'read_hw_ila_data' or Vivado File->Import->Import ILA Data menu item to import the previously saved data.
display_hw_ila_data [ get_hw_ila_data hw_ila_data_5 -of_objects [get_hw_ilas -of_objects [get_hw_devices xc7k325t_0] -filter {CELL_NAME=~"axi_spi_top_i/system_ila_4/inst/ila_lib"}]]
INFO: [Labtools 27-3304] ILA Waveform data saved to file D:/Vivado2018_wrk/axi_spi/axi_spi.hw/backup/hw_ila_data_5.ila. Use Tcl command 'read_hw_ila_data' or Vivado File->Import->Import ILA Data menu item to import the previously saved data.
run_hw_ila [get_hw_ilas -of_objects [get_hw_devices xc7k325t_0] -filter {CELL_NAME=~"axi_spi_top_i/system_ila_4/inst/ila_lib"}]
INFO: [Labtools 27-1964] The ILA core 'hw_ila_5' trigger was armed at 2019-Feb-26 21:37:55
wait_on_hw_ila [get_hw_ilas -of_objects [get_hw_devices xc7k325t_0] -filter {CELL_NAME=~"axi_spi_top_i/system_ila_4/inst/ila_lib"}]
display_hw_ila_data [upload_hw_ila_data [get_hw_ilas -of_objects [get_hw_devices xc7k325t_0] -filter {CELL_NAME=~"axi_spi_top_i/system_ila_4/inst/ila_lib"}]]
INFO: [Labtools 27-1966] The ILA core 'hw_ila_5' triggered at 2019-Feb-26 21:37:55
INFO: [Labtools 27-3304] ILA Waveform data saved to file D:/Vivado2018_wrk/axi_spi/axi_spi.hw/backup/hw_ila_data_5.ila. Use Tcl command 'read_hw_ila_data' or Vivado File->Import->Import ILA Data menu item to import the previously saved data.
run_hw_ila [get_hw_ilas -of_objects [get_hw_devices xc7k325t_0] -filter {CELL_NAME=~"axi_spi_top_i/system_ila_3/inst/ila_lib"}]
INFO: [Labtools 27-1964] The ILA core 'hw_ila_4' trigger was armed at 2019-Feb-26 21:38:00
wait_on_hw_ila [get_hw_ilas -of_objects [get_hw_devices xc7k325t_0] -filter {CELL_NAME=~"axi_spi_top_i/system_ila_3/inst/ila_lib"}]
display_hw_ila_data [upload_hw_ila_data [get_hw_ilas -of_objects [get_hw_devices xc7k325t_0] -filter {CELL_NAME=~"axi_spi_top_i/system_ila_3/inst/ila_lib"}]]
INFO: [Labtools 27-1966] The ILA core 'hw_ila_4' triggered at 2019-Feb-26 21:38:00
INFO: [Labtools 27-3304] ILA Waveform data saved to file D:/Vivado2018_wrk/axi_spi/axi_spi.hw/backup/hw_ila_data_4.ila. Use Tcl command 'read_hw_ila_data' or Vivado File->Import->Import ILA Data menu item to import the previously saved data.
display_hw_ila_data: Time (s): cpu = 00:00:25 ; elapsed = 00:00:17 . Memory (MB): peak = 2006.703 ; gain = 114.949
run_hw_ila [get_hw_ilas -of_objects [get_hw_devices xc7k325t_0] -filter {CELL_NAME=~"axi_spi_top_i/system_ila_2/inst/ila_lib"}]
INFO: [Labtools 27-1964] The ILA core 'hw_ila_3' trigger was armed at 2019-Feb-26 21:38:20
wait_on_hw_ila [get_hw_ilas -of_objects [get_hw_devices xc7k325t_0] -filter {CELL_NAME=~"axi_spi_top_i/system_ila_2/inst/ila_lib"}]
display_hw_ila_data [upload_hw_ila_data [get_hw_ilas -of_objects [get_hw_devices xc7k325t_0] -filter {CELL_NAME=~"axi_spi_top_i/system_ila_2/inst/ila_lib"}]]
INFO: [Labtools 27-1966] The ILA core 'hw_ila_3' triggered at 2019-Feb-26 21:38:20
INFO: [Labtools 27-3304] ILA Waveform data saved to file D:/Vivado2018_wrk/axi_spi/axi_spi.hw/backup/hw_ila_data_3.ila. Use Tcl command 'read_hw_ila_data' or Vivado File->Import->Import ILA Data menu item to import the previously saved data.
run_hw_ila [get_hw_ilas -of_objects [get_hw_devices xc7k325t_0] -filter {CELL_NAME=~"axi_spi_top_i/system_ila_2/inst/ila_lib"}]
INFO: [Labtools 27-1964] The ILA core 'hw_ila_3' trigger was armed at 2019-Feb-26 21:41:15
wait_on_hw_ila [get_hw_ilas -of_objects [get_hw_devices xc7k325t_0] -filter {CELL_NAME=~"axi_spi_top_i/system_ila_2/inst/ila_lib"}]
display_hw_ila_data [upload_hw_ila_data [get_hw_ilas -of_objects [get_hw_devices xc7k325t_0] -filter {CELL_NAME=~"axi_spi_top_i/system_ila_2/inst/ila_lib"}]]
INFO: [Labtools 27-1966] The ILA core 'hw_ila_3' triggered at 2019-Feb-26 21:41:15
INFO: [Labtools 27-3304] ILA Waveform data saved to file D:/Vivado2018_wrk/axi_spi/axi_spi.hw/backup/hw_ila_data_3.ila. Use Tcl command 'read_hw_ila_data' or Vivado File->Import->Import ILA Data menu item to import the previously saved data.
run_hw_ila [get_hw_ilas -of_objects [get_hw_devices xc7k325t_0] -filter {CELL_NAME=~"axi_spi_top_i/system_ila_2/inst/ila_lib"}]
INFO: [Labtools 27-1964] The ILA core 'hw_ila_3' trigger was armed at 2019-Feb-26 21:41:18
wait_on_hw_ila [get_hw_ilas -of_objects [get_hw_devices xc7k325t_0] -filter {CELL_NAME=~"axi_spi_top_i/system_ila_2/inst/ila_lib"}]
display_hw_ila_data [upload_hw_ila_data [get_hw_ilas -of_objects [get_hw_devices xc7k325t_0] -filter {CELL_NAME=~"axi_spi_top_i/system_ila_2/inst/ila_lib"}]]
INFO: [Labtools 27-1966] The ILA core 'hw_ila_3' triggered at 2019-Feb-26 21:41:18
INFO: [Labtools 27-3304] ILA Waveform data saved to file D:/Vivado2018_wrk/axi_spi/axi_spi.hw/backup/hw_ila_data_3.ila. Use Tcl command 'read_hw_ila_data' or Vivado File->Import->Import ILA Data menu item to import the previously saved data.
run_hw_ila [get_hw_ilas -of_objects [get_hw_devices xc7k325t_0] -filter {CELL_NAME=~"axi_spi_top_i/system_ila_2/inst/ila_lib"}]
INFO: [Labtools 27-1964] The ILA core 'hw_ila_3' trigger was armed at 2019-Feb-26 21:41:21
wait_on_hw_ila [get_hw_ilas -of_objects [get_hw_devices xc7k325t_0] -filter {CELL_NAME=~"axi_spi_top_i/system_ila_2/inst/ila_lib"}]
display_hw_ila_data [upload_hw_ila_data [get_hw_ilas -of_objects [get_hw_devices xc7k325t_0] -filter {CELL_NAME=~"axi_spi_top_i/system_ila_2/inst/ila_lib"}]]
INFO: [Labtools 27-1966] The ILA core 'hw_ila_3' triggered at 2019-Feb-26 21:41:21
INFO: [Labtools 27-3304] ILA Waveform data saved to file D:/Vivado2018_wrk/axi_spi/axi_spi.hw/backup/hw_ila_data_3.ila. Use Tcl command 'read_hw_ila_data' or Vivado File->Import->Import ILA Data menu item to import the previously saved data.
run_hw_ila [get_hw_ilas -of_objects [get_hw_devices xc7k325t_0] -filter {CELL_NAME=~"axi_spi_top_i/system_ila_2/inst/ila_lib"}]
INFO: [Labtools 27-1964] The ILA core 'hw_ila_3' trigger was armed at 2019-Feb-26 21:41:25
wait_on_hw_ila [get_hw_ilas -of_objects [get_hw_devices xc7k325t_0] -filter {CELL_NAME=~"axi_spi_top_i/system_ila_2/inst/ila_lib"}]
display_hw_ila_data [upload_hw_ila_data [get_hw_ilas -of_objects [get_hw_devices xc7k325t_0] -filter {CELL_NAME=~"axi_spi_top_i/system_ila_2/inst/ila_lib"}]]
INFO: [Labtools 27-1966] The ILA core 'hw_ila_3' triggered at 2019-Feb-26 21:41:25
INFO: [Labtools 27-3304] ILA Waveform data saved to file D:/Vivado2018_wrk/axi_spi/axi_spi.hw/backup/hw_ila_data_3.ila. Use Tcl command 'read_hw_ila_data' or Vivado File->Import->Import ILA Data menu item to import the previously saved data.
run_hw_ila [get_hw_ilas -of_objects [get_hw_devices xc7k325t_0] -filter {CELL_NAME=~"axi_spi_top_i/system_ila_2/inst/ila_lib"}]
INFO: [Labtools 27-1964] The ILA core 'hw_ila_3' trigger was armed at 2019-Feb-26 21:41:29
wait_on_hw_ila [get_hw_ilas -of_objects [get_hw_devices xc7k325t_0] -filter {CELL_NAME=~"axi_spi_top_i/system_ila_2/inst/ila_lib"}]
display_hw_ila_data [upload_hw_ila_data [get_hw_ilas -of_objects [get_hw_devices xc7k325t_0] -filter {CELL_NAME=~"axi_spi_top_i/system_ila_2/inst/ila_lib"}]]
INFO: [Labtools 27-1966] The ILA core 'hw_ila_3' triggered at 2019-Feb-26 21:41:29
INFO: [Labtools 27-3304] ILA Waveform data saved to file D:/Vivado2018_wrk/axi_spi/axi_spi.hw/backup/hw_ila_data_3.ila. Use Tcl command 'read_hw_ila_data' or Vivado File->Import->Import ILA Data menu item to import the previously saved data.
run_hw_ila [get_hw_ilas -of_objects [get_hw_devices xc7k325t_0] -filter {CELL_NAME=~"axi_spi_top_i/system_ila_2/inst/ila_lib"}]
INFO: [Labtools 27-1964] The ILA core 'hw_ila_3' trigger was armed at 2019-Feb-26 21:41:32
wait_on_hw_ila [get_hw_ilas -of_objects [get_hw_devices xc7k325t_0] -filter {CELL_NAME=~"axi_spi_top_i/system_ila_2/inst/ila_lib"}]
display_hw_ila_data [upload_hw_ila_data [get_hw_ilas -of_objects [get_hw_devices xc7k325t_0] -filter {CELL_NAME=~"axi_spi_top_i/system_ila_2/inst/ila_lib"}]]
INFO: [Labtools 27-1966] The ILA core 'hw_ila_3' triggered at 2019-Feb-26 21:41:32
INFO: [Labtools 27-3304] ILA Waveform data saved to file D:/Vivado2018_wrk/axi_spi/axi_spi.hw/backup/hw_ila_data_3.ila. Use Tcl command 'read_hw_ila_data' or Vivado File->Import->Import ILA Data menu item to import the previously saved data.
run_hw_ila [get_hw_ilas -of_objects [get_hw_devices xc7k325t_0] -filter {CELL_NAME=~"axi_spi_top_i/system_ila_2/inst/ila_lib"}]
INFO: [Labtools 27-1964] The ILA core 'hw_ila_3' trigger was armed at 2019-Feb-26 21:41:35
wait_on_hw_ila [get_hw_ilas -of_objects [get_hw_devices xc7k325t_0] -filter {CELL_NAME=~"axi_spi_top_i/system_ila_2/inst/ila_lib"}]
display_hw_ila_data [upload_hw_ila_data [get_hw_ilas -of_objects [get_hw_devices xc7k325t_0] -filter {CELL_NAME=~"axi_spi_top_i/system_ila_2/inst/ila_lib"}]]
INFO: [Labtools 27-1966] The ILA core 'hw_ila_3' triggered at 2019-Feb-26 21:41:35
INFO: [Labtools 27-3304] ILA Waveform data saved to file D:/Vivado2018_wrk/axi_spi/axi_spi.hw/backup/hw_ila_data_3.ila. Use Tcl command 'read_hw_ila_data' or Vivado File->Import->Import ILA Data menu item to import the previously saved data.
run_hw_ila [get_hw_ilas -of_objects [get_hw_devices xc7k325t_0] -filter {CELL_NAME=~"axi_spi_top_i/system_ila_3/inst/ila_lib"}]
INFO: [Labtools 27-1964] The ILA core 'hw_ila_4' trigger was armed at 2019-Feb-26 21:41:50
wait_on_hw_ila [get_hw_ilas -of_objects [get_hw_devices xc7k325t_0] -filter {CELL_NAME=~"axi_spi_top_i/system_ila_3/inst/ila_lib"}]
display_hw_ila_data [upload_hw_ila_data [get_hw_ilas -of_objects [get_hw_devices xc7k325t_0] -filter {CELL_NAME=~"axi_spi_top_i/system_ila_3/inst/ila_lib"}]]
INFO: [Labtools 27-1966] The ILA core 'hw_ila_4' triggered at 2019-Feb-26 21:41:51
INFO: [Labtools 27-3304] ILA Waveform data saved to file D:/Vivado2018_wrk/axi_spi/axi_spi.hw/backup/hw_ila_data_4.ila. Use Tcl command 'read_hw_ila_data' or Vivado File->Import->Import ILA Data menu item to import the previously saved data.
display_hw_ila_data: Time (s): cpu = 00:00:13 ; elapsed = 00:00:13 . Memory (MB): peak = 2006.703 ; gain = 0.000
run_hw_ila [get_hw_ilas -of_objects [get_hw_devices xc7k325t_0] -filter {CELL_NAME=~"axi_spi_top_i/system_ila_4/inst/ila_lib"}]
INFO: [Labtools 27-1964] The ILA core 'hw_ila_5' trigger was armed at 2019-Feb-26 21:43:29
wait_on_hw_ila [get_hw_ilas -of_objects [get_hw_devices xc7k325t_0] -filter {CELL_NAME=~"axi_spi_top_i/system_ila_4/inst/ila_lib"}]
display_hw_ila_data [upload_hw_ila_data [get_hw_ilas -of_objects [get_hw_devices xc7k325t_0] -filter {CELL_NAME=~"axi_spi_top_i/system_ila_4/inst/ila_lib"}]]
INFO: [Labtools 27-1966] The ILA core 'hw_ila_5' triggered at 2019-Feb-26 21:43:29
INFO: [Labtools 27-3304] ILA Waveform data saved to file D:/Vivado2018_wrk/axi_spi/axi_spi.hw/backup/hw_ila_data_5.ila. Use Tcl command 'read_hw_ila_data' or Vivado File->Import->Import ILA Data menu item to import the previously saved data.
open_bd_design {D:/Vivado2018_wrk/axi_spi/axi_spi.srcs/sources_1/bd/axi_spi_top/axi_spi_top.bd}
Adding cell -- xilinx.com:ip:axi_quad_spi:3.2 - axi_quad_spi_0
Adding cell -- xilinx.com:ip:clk_wiz:6.0 - clk_wiz_0
Adding cell -- xilinx.com:ip:jtag_axi:1.2 - jtag_axi_0
Adding cell -- xilinx.com:ip:proc_sys_reset:5.0 - rst_clk_wiz_0_100M
Adding cell -- xilinx.com:ip:system_ila:1.1 - system_ila_0
Adding cell -- xilinx.com:module_ref:Tgate:1.0 - Tgate_0
Adding cell -- xilinx.com:module_ref:Tgate:1.0 - Tgate_1
Adding cell -- xilinx.com:module_ref:Tgate:1.0 - Tgate_3
Adding cell -- xilinx.com:module_ref:Tgate_width5:1.0 - Tgate_width5_0
Adding cell -- xilinx.com:ip:jesd204:7.2 - jesd204_0
Adding cell -- xilinx.com:ip:system_ila:1.1 - system_ila_1
Adding cell -- xilinx.com:ip:util_ds_buf:2.1 - util_ds_buf_0
Adding cell -- xilinx.com:module_ref:inv:1.0 - inv_0
Adding cell -- xilinx.com:module_ref:data_rearrange:1.0 - data_rearrange_0
Adding cell -- xilinx.com:ip:system_ila:1.1 - system_ila_2
Adding cell -- xilinx.com:ip:axi_traffic_gen:3.0 - axi_traffic_gen_0
Adding cell -- xilinx.com:module_ref:init_delay:1.0 - init_delay_0
Adding cell -- xilinx.com:ip:axi_traffic_gen:3.0 - axi_traffic_gen_1
Adding cell -- xilinx.com:ip:axi_traffic_gen:3.0 - axi_traffic_gen_2
Adding cell -- xilinx.com:module_ref:init_delay:1.0 - init_delay_1
Adding cell -- User_Company:SysGen:ddc_spec:1.0 - ddc_spec_0
Adding cell -- xilinx.com:ip:xlconstant:1.1 - xlconstant_0
Adding cell -- xilinx.com:ip:xlconstant:1.1 - xlconstant_1
Adding cell -- xilinx.com:ip:dds_compiler:6.0 - dds_compiler_0
Adding cell -- xilinx.com:ip:clk_wiz:6.0 - clk_wiz_1
Adding cell -- xilinx.com:module_ref:resample:1.0 - resample_0
Adding cell -- xilinx.com:ip:system_ila:1.1 - system_ila_3
Adding cell -- xilinx.com:module_ref:reformat:1.0 - reformat_0
Adding cell -- xilinx.com:ip:system_ila:1.1 - system_ila_4
WARNING: [BD 41-1731] Type mismatch between connected pins: /sclk(clk) and /Tgate_3/IO(undef)
WARNING: [BD 41-1731] Type mismatch between connected pins: /jesd204_0/rx_sync(undef) and /util_ds_buf_0/OBUF_IN(clk)
WARNING: [BD 41-1731] Type mismatch between connected pins: /resetn(rst) and /inv_0/I(undef)
Adding cell -- xilinx.com:ip:axi_crossbar:2.1 - xbar
Adding cell -- xilinx.com:ip:axi_protocol_converter:2.1 - auto_pc
Successfully read diagram <axi_spi_top> from BD file <D:/Vivado2018_wrk/axi_spi/axi_spi.srcs/sources_1/bd/axi_spi_top/axi_spi_top.bd>
open_bd_design: Time (s): cpu = 00:00:08 ; elapsed = 00:00:07 . Memory (MB): peak = 2022.398 ; gain = 15.695
open_bd_design {D:/Vivado2018_wrk/axi_spi/axi_spi.srcs/sources_1/bd/axi_spi_top/axi_spi_top.bd}
write_hw_ila_data -csv_file {D:\Vivado2018_wrk\axi_spi\axi_spi.runs\impl_1\iladata_190226.csv} hw_ila_data_5
D:/Vivado2018_wrk/axi_spi/axi_spi.runs/impl_1/iladata_190226.csv
save_wave_config {D:/Vivado2018_wrk/axi_spi/axi_spi.hw/hw_1/wave/hw_ila_data_1/hw_ila_data_1.wcfg}
save_wave_config {D:/Vivado2018_wrk/axi_spi/axi_spi.hw/hw_1/wave/hw_ila_data_2/hw_ila_data_2.wcfg}
save_wave_config {D:/Vivado2018_wrk/axi_spi/axi_spi.hw/hw_1/wave/hw_ila_data_3/hw_ila_data_3.wcfg}
save_wave_config {D:/Vivado2018_wrk/axi_spi/axi_spi.hw/hw_1/wave/hw_ila_data_4/hw_ila_data_4.wcfg}
save_wave_config {D:/Vivado2018_wrk/axi_spi/axi_spi.hw/hw_1/wave/hw_ila_data_5/hw_ila_data_5.wcfg}
exit
INFO: [Common 17-206] Exiting Vivado at Tue Feb 26 21:47:26 2019...
