#-----------------------------------------------------------
# Vivado v2018.1 (64-bit)
# SW Build 2188600 on Wed Apr  4 18:40:38 MDT 2018
# IP Build 2185939 on Wed Apr  4 20:55:05 MDT 2018
# Start of session at: Sat Feb 16 18:05:15 2019
# Process ID: 10080
# Current directory: D:/Vivado2018_wrk/axi_spi
# Command line: vivado.exe -gui_launcher_event rodinguilauncherevent2000 D:\Vivado2018_wrk\axi_spi\axi_spi.xpr
# Log file: D:/Vivado2018_wrk/axi_spi/vivado.log
# Journal file: D:/Vivado2018_wrk/axi_spi\vivado.jou
#-----------------------------------------------------------
start_gui
open_project D:/Vivado2018_wrk/axi_spi/axi_spi.xpr
Scanning sources...
Finished scanning sources
INFO: [IP_Flow 19-234] Refreshing IP repositories
INFO: [IP_Flow 19-1704] No user IP repositories specified
INFO: [IP_Flow 19-2313] Loaded Vivado IP repository 'C:/Xilinx/Vivado/2018.1/data/ip'.
open_project: Time (s): cpu = 00:00:29 ; elapsed = 00:00:21 . Memory (MB): peak = 949.234 ; gain = 255.398
update_compile_order -fileset sources_1
exit
INFO: [Common 17-206] Exiting Vivado at Sat Feb 16 18:06:09 2019...
