#-----------------------------------------------------------
# Vivado v2018.1 (64-bit)
# SW Build 2188600 on Wed Apr  4 18:40:38 MDT 2018
# IP Build 2185939 on Wed Apr  4 20:55:05 MDT 2018
# Start of session at: Sat Feb 16 17:34:32 2019
# Process ID: 10272
# Current directory: D:/Vivado2018_wrk/axi_spi
# Command line: vivado.exe -gui_launcher_event rodinguilauncherevent24840 D:\Vivado2018_wrk\axi_spi\axi_spi.xpr
# Log file: D:/Vivado2018_wrk/axi_spi/vivado.log
# Journal file: D:/Vivado2018_wrk/axi_spi\vivado.jou
#-----------------------------------------------------------
start_gui
open_project D:/Vivado2018_wrk/axi_spi/axi_spi.xpr
Scanning sources...
Finished scanning sources
INFO: [IP_Flow 19-234] Refreshing IP repositories
INFO: [IP_Flow 19-1704] No user IP repositories specified
INFO: [IP_Flow 19-2313] Loaded Vivado IP repository 'C:/Xilinx/Vivado/2018.1/data/ip'.
open_project: Time (s): cpu = 00:00:34 ; elapsed = 00:00:24 . Memory (MB): peak = 984.047 ; gain = 260.945
update_compile_order -fileset sources_1
open_hw
connect_hw_server -url localhost:3121
INFO: [Labtools 27-2285] Connecting to hw_server url TCP:localhost:3121
ERROR: [Labtoolstcl 44-494] There is no active target available for server at localhost:3121.
 Targets(s) ", jsn1jsn-DLC9LP-00000000000000jsn2" may be locked by another hw_server.
disconnect_hw_server localhost:3121
connect_hw_server -url localhost:3121
INFO: [Labtools 27-2285] Connecting to hw_server url TCP:localhost:3121
connect_hw_server: Time (s): cpu = 00:00:03 ; elapsed = 00:00:08 . Memory (MB): peak = 1011.082 ; gain = 0.000
current_hw_target [get_hw_targets */xilinx_tcf/Xilinx/00000000000000]
set_property PARAM.FREQUENCY 12000000 [get_hw_targets */xilinx_tcf/Xilinx/00000000000000]
open_hw_target
INFO: [Labtoolstcl 44-466] Opening hw_target localhost:3121/xilinx_tcf/Xilinx/00000000000000
set_property PROGRAM.FILE {D:/Vivado2018_wrk/axi_spi/axi_spi.runs/impl_1/axi_spi_top_wrapper.bit} [get_hw_devices xc7k325t_0]
set_property PROBES.FILE {D:/Vivado2018_wrk/axi_spi/axi_spi.runs/impl_1/axi_spi_top_wrapper.ltx} [get_hw_devices xc7k325t_0]
set_property FULL_PROBES.FILE {D:/Vivado2018_wrk/axi_spi/axi_spi.runs/impl_1/axi_spi_top_wrapper.ltx} [get_hw_devices xc7k325t_0]
current_hw_device [get_hw_devices xc7k325t_0]
refresh_hw_device [lindex [get_hw_devices xc7k325t_0] 0]
INFO: [Labtools 27-1435] Device xc7k325t (JTAG device index = 0) is not programmed (DONE status = 0).
create_hw_cfgmem -hw_device [lindex [get_hw_devices] 0] -mem_dev [lindex [get_cfgmem_parts {mt25ql128-spi-x1_x2_x4}] 0]
set_property PROBES.FILE {D:/Vivado2018_wrk/axi_spi/axi_spi.runs/impl_1/axi_spi_top_wrapper.ltx} [get_hw_devices xc7k325t_0]
set_property FULL_PROBES.FILE {D:/Vivado2018_wrk/axi_spi/axi_spi.runs/impl_1/axi_spi_top_wrapper.ltx} [get_hw_devices xc7k325t_0]
set_property PROGRAM.FILE {D:/Vivado2018_wrk/axi_spi/axi_spi.runs/impl_1/axi_spi_top_wrapper.bit} [get_hw_devices xc7k325t_0]
program_hw_devices [get_hw_devices xc7k325t_0]
INFO: [Labtools 27-3164] End of startup status: HIGH
program_hw_devices: Time (s): cpu = 00:00:18 ; elapsed = 00:00:15 . Memory (MB): peak = 2094.965 ; gain = 432.988
refresh_hw_device [lindex [get_hw_devices xc7k325t_0] 0]
INFO: [Labtools 27-2302] Device xc7k325t (JTAG device index = 0) is programmed with a design that has 3 ILA core(s).
INFO: [Labtools 27-2302] Device xc7k325t (JTAG device index = 0) is programmed with a design that has 1 JTAG AXI core(s).
refresh_hw_device: Time (s): cpu = 00:00:16 ; elapsed = 00:00:07 . Memory (MB): peak = 2112.637 ; gain = 17.672
display_hw_ila_data [ get_hw_ila_data hw_ila_data_1 -of_objects [get_hw_ilas -of_objects [get_hw_devices xc7k325t_0] -filter {CELL_NAME=~"axi_spi_top_i/system_ila_0/inst/ila_lib"}]]
Processed interface jtag_axi_0_axi_periph_M00_AXI_ila1_slot0
INFO: [Labtools 27-3304] ILA Waveform data saved to file D:/Vivado2018_wrk/axi_spi/axi_spi.hw/backup/hw_ila_data_1.ila. Use Tcl command 'read_hw_ila_data' or Vivado File->Import->Import ILA Data menu item to import the previously saved data.
display_hw_ila_data [ get_hw_ila_data hw_ila_data_2 -of_objects [get_hw_ilas -of_objects [get_hw_devices xc7k325t_0] -filter {CELL_NAME=~"axi_spi_top_i/system_ila_1/inst/ila_lib"}]]
INFO: [Labtools 27-3304] ILA Waveform data saved to file D:/Vivado2018_wrk/axi_spi/axi_spi.hw/backup/hw_ila_data_2.ila. Use Tcl command 'read_hw_ila_data' or Vivado File->Import->Import ILA Data menu item to import the previously saved data.
display_hw_ila_data [ get_hw_ila_data hw_ila_data_3 -of_objects [get_hw_ilas -of_objects [get_hw_devices xc7k325t_0] -filter {CELL_NAME=~"axi_spi_top_i/system_ila_2/inst/ila_lib"}]]
INFO: [Labtools 27-3304] ILA Waveform data saved to file D:/Vivado2018_wrk/axi_spi/axi_spi.hw/backup/hw_ila_data_3.ila. Use Tcl command 'read_hw_ila_data' or Vivado File->Import->Import ILA Data menu item to import the previously saved data.
run_hw_ila [get_hw_ilas -of_objects [get_hw_devices xc7k325t_0] -filter {CELL_NAME=~"axi_spi_top_i/system_ila_0/inst/ila_lib"}]
INFO: [Labtools 27-1964] The ILA core 'hw_ila_1' trigger was armed at 2019-Feb-16 17:37:56
wait_on_hw_ila [get_hw_ilas -of_objects [get_hw_devices xc7k325t_0] -filter {CELL_NAME=~"axi_spi_top_i/system_ila_0/inst/ila_lib"}]
display_hw_ila_data [upload_hw_ila_data [get_hw_ilas -of_objects [get_hw_devices xc7k325t_0] -filter {CELL_NAME=~"axi_spi_top_i/system_ila_0/inst/ila_lib"}]]
INFO: [Labtools 27-1966] The ILA core 'hw_ila_1' triggered at 2019-Feb-16 17:38:10
Processed interface jtag_axi_0_axi_periph_M00_AXI_ila1_slot0
INFO: [Labtools 27-3304] ILA Waveform data saved to file D:/Vivado2018_wrk/axi_spi/axi_spi.hw/backup/hw_ila_data_1.ila. Use Tcl command 'read_hw_ila_data' or Vivado File->Import->Import ILA Data menu item to import the previously saved data.
run_hw_ila [get_hw_ilas -of_objects [get_hw_devices xc7k325t_0] -filter {CELL_NAME=~"axi_spi_top_i/system_ila_1/inst/ila_lib"}]
INFO: [Labtools 27-1964] The ILA core 'hw_ila_2' trigger was armed at 2019-Feb-16 17:38:16
wait_on_hw_ila [get_hw_ilas -of_objects [get_hw_devices xc7k325t_0] -filter {CELL_NAME=~"axi_spi_top_i/system_ila_1/inst/ila_lib"}]
display_hw_ila_data [upload_hw_ila_data [get_hw_ilas -of_objects [get_hw_devices xc7k325t_0] -filter {CELL_NAME=~"axi_spi_top_i/system_ila_1/inst/ila_lib"}]]
INFO: [Labtools 27-1966] The ILA core 'hw_ila_2' triggered at 2019-Feb-16 17:38:16
INFO: [Labtools 27-3304] ILA Waveform data saved to file D:/Vivado2018_wrk/axi_spi/axi_spi.hw/backup/hw_ila_data_2.ila. Use Tcl command 'read_hw_ila_data' or Vivado File->Import->Import ILA Data menu item to import the previously saved data.
run_hw_ila [get_hw_ilas -of_objects [get_hw_devices xc7k325t_0] -filter {CELL_NAME=~"axi_spi_top_i/system_ila_2/inst/ila_lib"}]
INFO: [Labtools 27-1964] The ILA core 'hw_ila_3' trigger was armed at 2019-Feb-16 17:38:19
wait_on_hw_ila [get_hw_ilas -of_objects [get_hw_devices xc7k325t_0] -filter {CELL_NAME=~"axi_spi_top_i/system_ila_2/inst/ila_lib"}]
display_hw_ila_data [upload_hw_ila_data [get_hw_ilas -of_objects [get_hw_devices xc7k325t_0] -filter {CELL_NAME=~"axi_spi_top_i/system_ila_2/inst/ila_lib"}]]
INFO: [Labtools 27-1966] The ILA core 'hw_ila_3' triggered at 2019-Feb-16 17:38:19
upload_hw_ila_data: Time (s): cpu = 00:00:01 ; elapsed = 00:00:07 . Memory (MB): peak = 2127.531 ; gain = 8.395
INFO: [Labtools 27-3304] ILA Waveform data saved to file D:/Vivado2018_wrk/axi_spi/axi_spi.hw/backup/hw_ila_data_3.ila. Use Tcl command 'read_hw_ila_data' or Vivado File->Import->Import ILA Data menu item to import the previously saved data.
display_hw_ila_data: Time (s): cpu = 00:00:08 ; elapsed = 00:00:07 . Memory (MB): peak = 2163.238 ; gain = 35.707
exit
INFO: [Common 17-206] Exiting Vivado at Sat Feb 16 17:39:30 2019...
